<?xml version="1.0" encoding="UTF-8"?>
<coverage generated="1501052519307" clover="3.2.0">
  <project timestamp="1501052519307" name="All files">
    <metrics statements="39" coveredstatements="39" conditionals="24" coveredconditionals="14" methods="18" coveredmethods="18" elements="81" coveredelements="71" complexity="0" loc="39" ncloc="39" packages="2" files="6" classes="6">
      <package name="src.components">
        <metrics statements="14" coveredstatements="14" conditionals="24" coveredconditionals="14" methods="9" coveredmethods="9"/>
        <file name="Hello.vue" path="C:\Users\aaa-nb\Desktop\snapshot-test\src\components\Hello.vue">
          <metrics statements="4" coveredstatements="4" conditionals="12" coveredconditionals="7" methods="3" coveredmethods="3"/>
          <line num="1" count="1" type="cond" truecount="7" falsecount="5"/>
          <line num="4" count="1" type="stmt"/>
          <line num="5" count="1" type="stmt"/>
          <line num="9" count="1" type="stmt"/>
        </file>
        <file name="Hello.vue.js" path="C:/Users/aaa-nb/Desktop/snapshot-test/src/components/Hello.vue.js">
          <metrics statements="1" coveredstatements="1" conditionals="0" coveredconditionals="0" methods="0" coveredmethods="0"/>
          <line num="5" count="2" type="stmt"/>
        </file>
        <file name="ShoppingList.vue" path="C:\Users\aaa-nb\Desktop\snapshot-test\src\components\ShoppingList.vue">
          <metrics statements="6" coveredstatements="6" conditionals="12" coveredconditionals="7" methods="5" coveredmethods="5"/>
          <line num="1" count="1" type="cond" truecount="7" falsecount="5"/>
          <line num="4" count="2" type="stmt"/>
          <line num="5" count="2" type="stmt"/>
          <line num="15" count="3" type="stmt"/>
          <line num="16" count="1" type="stmt"/>
          <line num="18" count="1" type="stmt"/>
        </file>
        <file name="ShoppingList.vue.js" path="C:/Users/aaa-nb/Desktop/snapshot-test/src/components/ShoppingList.vue.js">
          <metrics statements="3" coveredstatements="3" conditionals="0" coveredconditionals="0" methods="1" coveredmethods="1"/>
          <line num="5" count="4" type="stmt"/>
          <line num="15" count="4" type="stmt"/>
          <line num="16" count="1" type="stmt"/>
        </file>
      </package>
      <package name="tests.components">
        <metrics statements="25" coveredstatements="25" conditionals="0" coveredconditionals="0" methods="9" coveredmethods="9"/>
        <file name="Hello.spec.js" path="C:\Users\aaa-nb\Desktop\snapshot-test\tests\components\Hello.spec.js">
          <metrics statements="6" coveredstatements="6" conditionals="0" coveredconditionals="0" methods="3" coveredmethods="3"/>
          <line num="4" count="1" type="stmt"/>
          <line num="6" count="1" type="stmt"/>
          <line num="7" count="1" type="stmt"/>
          <line num="10" count="1" type="stmt"/>
          <line num="11" count="1" type="stmt"/>
          <line num="12" count="1" type="stmt"/>
        </file>
        <file name="ShoppingList.spec.js" path="C:\Users\aaa-nb\Desktop\snapshot-test\tests\components\ShoppingList.spec.js">
          <metrics statements="19" coveredstatements="19" conditionals="0" coveredconditionals="0" methods="6" coveredmethods="6"/>
          <line num="4" count="1" type="stmt"/>
          <line num="6" count="1" type="stmt"/>
          <line num="7" count="2" type="stmt"/>
          <line num="10" count="1" type="stmt"/>
          <line num="11" count="1" type="stmt"/>
          <line num="12" count="1" type="stmt"/>
          <line num="13" count="1" type="stmt"/>
          <line num="14" count="1" type="stmt"/>
          <line num="15" count="1" type="stmt"/>
          <line num="16" count="1" type="stmt"/>
          <line num="20" count="1" type="stmt"/>
          <line num="21" count="1" type="stmt"/>
          <line num="22" count="1" type="stmt"/>
          <line num="23" count="1" type="stmt"/>
          <line num="24" count="1" type="stmt"/>
          <line num="25" count="1" type="stmt"/>
          <line num="26" count="1" type="stmt"/>
          <line num="27" count="1" type="stmt"/>
          <line num="28" count="1" type="stmt"/>
        </file>
      </package>
    </metrics>
  </project>
</coverage>
