{"C:\\Users\\aaa-nb\\Desktop\\snapshot-test\\src\\components\\Hello.vue": {"path":"C:\\Users\\aaa-nb\\Desktop\\snapshot-test\\src\\components\\Hello.vue","statementMap":{"0":{"start":{"line":1,"column":39},"end":{"line":1,"column":101}},"1":{"start":{"line":1,"column":121},"end":{"line":1,"column":805}},"2":{"start":{"line":1,"column":145},"end":{"line":1,"column":212}},"3":{"start":{"line":1,"column":220},"end":{"line":1,"column":262}},"4":{"start":{"line":1,"column":272},"end":{"line":1,"column":301}},"5":{"start":{"line":1,"column":308},"end":{"line":1,"column":322}},"6":{"start":{"line":1,"column":338},"end":{"line":1,"column":618}},"7":{"start":{"line":1,"column":630},"end":{"line":1,"column":663}},"8":{"start":{"line":1,"column":664},"end":{"line":1,"column":740}},"9":{"start":{"line":1,"column":717},"end":{"line":1,"column":739}},"10":{"start":{"line":1,"column":740},"end":{"line":1,"column":765}},"11":{"start":{"line":1,"column":765},"end":{"line":1,"column":802}},"12":{"start":{"line":1,"column":826},"end":{"line":1,"column":1510}},"13":{"start":{"line":1,"column":850},"end":{"line":1,"column":917}},"14":{"start":{"line":1,"column":925},"end":{"line":1,"column":967}},"15":{"start":{"line":1,"column":977},"end":{"line":1,"column":1006}},"16":{"start":{"line":1,"column":1013},"end":{"line":1,"column":1027}},"17":{"start":{"line":1,"column":1043},"end":{"line":1,"column":1323}},"18":{"start":{"line":1,"column":1335},"end":{"line":1,"column":1368}},"19":{"start":{"line":1,"column":1369},"end":{"line":1,"column":1445}},"20":{"start":{"line":1,"column":1422},"end":{"line":1,"column":1444}},"21":{"start":{"line":1,"column":1445},"end":{"line":1,"column":1470}},"22":{"start":{"line":1,"column":1470},"end":{"line":1,"column":1507}},"23":{"start":{"line":1,"column":1511},"end":{"line":8,"column":6}},"24":{"start":{"line":4,"column":72},"end":{"line":4,"column":93}},"25":{"start":{"line":5,"column":4},"end":{"line":6,"column":42}},"26":{"start":{"line":9,"column":4},"end":{"line":29,"column":1}}},"fnMap":{"0":{"name":"(anonymous_0)","decl":{"start":{"line":1,"column":121},"end":{"line":1,"column":122}},"loc":{"start":{"line":1,"column":133},"end":{"line":1,"column":803}},"line":1},"1":{"name":"(anonymous_1)","decl":{"start":{"line":1,"column":826},"end":{"line":1,"column":827}},"loc":{"start":{"line":1,"column":838},"end":{"line":1,"column":1508}},"line":1},"2":{"name":"data","decl":{"start":{"line":4,"column":17},"end":{"line":4,"column":21}},"loc":{"start":{"line":4,"column":24},"end":{"line":8,"column":3}},"line":4}},"branchMap":{"0":{"loc":{"start":{"line":1,"column":630},"end":{"line":1,"column":663}},"type":"binary-expr","locations":[{"start":{"line":1,"column":630},"end":{"line":1,"column":641}},{"start":{"line":1,"column":646},"end":{"line":1,"column":662}}],"line":1},"1":{"loc":{"start":{"line":1,"column":664},"end":{"line":1,"column":740}},"type":"if","locations":[{"start":{"line":1,"column":664},"end":{"line":1,"column":740}},{"start":{"line":1,"column":664},"end":{"line":1,"column":740}}],"line":1},"2":{"loc":{"start":{"line":1,"column":668},"end":{"line":1,"column":714}},"type":"binary-expr","locations":[{"start":{"line":1,"column":668},"end":{"line":1,"column":682}},{"start":{"line":1,"column":686},"end":{"line":1,"column":714}}],"line":1},"3":{"loc":{"start":{"line":1,"column":1335},"end":{"line":1,"column":1368}},"type":"binary-expr","locations":[{"start":{"line":1,"column":1335},"end":{"line":1,"column":1346}},{"start":{"line":1,"column":1351},"end":{"line":1,"column":1367}}],"line":1},"4":{"loc":{"start":{"line":1,"column":1369},"end":{"line":1,"column":1445}},"type":"if","locations":[{"start":{"line":1,"column":1369},"end":{"line":1,"column":1445}},{"start":{"line":1,"column":1369},"end":{"line":1,"column":1445}}],"line":1},"5":{"loc":{"start":{"line":1,"column":1373},"end":{"line":1,"column":1419}},"type":"binary-expr","locations":[{"start":{"line":1,"column":1373},"end":{"line":1,"column":1387}},{"start":{"line":1,"column":1391},"end":{"line":1,"column":1419}}],"line":1}},"s":{"0":1,"1":1,"2":1,"3":1,"4":1,"5":1,"6":1,"7":1,"8":1,"9":0,"10":1,"11":1,"12":1,"13":1,"14":1,"15":1,"16":1,"17":1,"18":1,"19":1,"20":1,"21":0,"22":0,"23":1,"24":1,"25":1,"26":1},"f":{"0":1,"1":1,"2":1},"b":{"0":[1,0],"1":[0,1],"2":[1,0],"3":[1,0],"4":[1,0],"5":[1,1]},"_coverageSchema":"332fd63041d2c1bcb487cc26dd0d5f7d97098a6c","hash":"dcf4a9ac67018c9049fc67ee97993bde90f8a3ba"}
,"C:/Users/aaa-nb/Desktop/snapshot-test/src/components/Hello.vue.js": {"path":"C:/Users/aaa-nb/Desktop/snapshot-test/src/components/Hello.vue.js","statementMap":{"0":{"start":{"line":5,"column":4},"end":{"line":7,"column":5}}},"fnMap":{},"branchMap":{},"s":{"0":2},"f":{},"b":{},"_coverageSchema":"332fd63041d2c1bcb487cc26dd0d5f7d97098a6c","hash":"59c63a5806a9390ead29fa0592dfc28dfb8af197"}
,"C:\\Users\\aaa-nb\\Desktop\\snapshot-test\\src\\components\\ShoppingList.vue": {"path":"C:\\Users\\aaa-nb\\Desktop\\snapshot-test\\src\\components\\ShoppingList.vue","statementMap":{"0":{"start":{"line":1,"column":39},"end":{"line":1,"column":101}},"1":{"start":{"line":1,"column":122},"end":{"line":1,"column":1179}},"2":{"start":{"line":1,"column":146},"end":{"line":1,"column":220}},"3":{"start":{"line":1,"column":228},"end":{"line":1,"column":270}},"4":{"start":{"line":1,"column":280},"end":{"line":1,"column":309}},"5":{"start":{"line":1,"column":316},"end":{"line":1,"column":330}},"6":{"start":{"line":1,"column":346},"end":{"line":1,"column":992}},"7":{"start":{"line":1,"column":1004},"end":{"line":1,"column":1037}},"8":{"start":{"line":1,"column":1038},"end":{"line":1,"column":1114}},"9":{"start":{"line":1,"column":1091},"end":{"line":1,"column":1113}},"10":{"start":{"line":1,"column":1114},"end":{"line":1,"column":1139}},"11":{"start":{"line":1,"column":1139},"end":{"line":1,"column":1176}},"12":{"start":{"line":1,"column":1201},"end":{"line":1,"column":2339}},"13":{"start":{"line":1,"column":1225},"end":{"line":1,"column":1299}},"14":{"start":{"line":1,"column":1307},"end":{"line":1,"column":1349}},"15":{"start":{"line":1,"column":1359},"end":{"line":1,"column":1388}},"16":{"start":{"line":1,"column":1395},"end":{"line":1,"column":1409}},"17":{"start":{"line":1,"column":1425},"end":{"line":1,"column":2152}},"18":{"start":{"line":1,"column":2164},"end":{"line":1,"column":2197}},"19":{"start":{"line":1,"column":2198},"end":{"line":1,"column":2274}},"20":{"start":{"line":1,"column":2251},"end":{"line":1,"column":2273}},"21":{"start":{"line":1,"column":2274},"end":{"line":1,"column":2299}},"22":{"start":{"line":1,"column":2299},"end":{"line":1,"column":2336}},"23":{"start":{"line":1,"column":2340},"end":{"line":17,"column":10}},"24":{"start":{"line":4,"column":73},"end":{"line":4,"column":95}},"25":{"start":{"line":5,"column":4},"end":{"line":9,"column":49}},"26":{"start":{"line":15,"column":44},"end":{"line":15,"column":243}},"27":{"start":{"line":15,"column":149},"end":{"line":15,"column":171}},"28":{"start":{"line":15,"column":171},"end":{"line":15,"column":193}},"29":{"start":{"line":15,"column":193},"end":{"line":15,"column":215}},"30":{"start":{"line":15,"column":215},"end":{"line":15,"column":241}},"31":{"start":{"line":15,"column":294},"end":{"line":15,"column":316}},"32":{"start":{"line":16,"column":6},"end":{"line":16,"column":23}},"33":{"start":{"line":18,"column":4},"end":{"line":25,"column":1}}},"fnMap":{"0":{"name":"(anonymous_0)","decl":{"start":{"line":1,"column":122},"end":{"line":1,"column":123}},"loc":{"start":{"line":1,"column":134},"end":{"line":1,"column":1177}},"line":1},"1":{"name":"(anonymous_1)","decl":{"start":{"line":1,"column":1201},"end":{"line":1,"column":1202}},"loc":{"start":{"line":1,"column":1213},"end":{"line":1,"column":2337}},"line":1},"2":{"name":"data","decl":{"start":{"line":4,"column":17},"end":{"line":4,"column":21}},"loc":{"start":{"line":4,"column":24},"end":{"line":12,"column":3}},"line":4},"3":{"name":"complete","decl":{"start":{"line":14,"column":23},"end":{"line":14,"column":31}},"loc":{"start":{"line":14,"column":37},"end":{"line":17,"column":5}},"line":14},"4":{"name":"(anonymous_4)","decl":{"start":{"line":15,"column":83},"end":{"line":15,"column":84}},"loc":{"start":{"line":15,"column":100},"end":{"line":15,"column":242}},"line":15}},"branchMap":{"0":{"loc":{"start":{"line":1,"column":1004},"end":{"line":1,"column":1037}},"type":"binary-expr","locations":[{"start":{"line":1,"column":1004},"end":{"line":1,"column":1015}},{"start":{"line":1,"column":1020},"end":{"line":1,"column":1036}}],"line":1},"1":{"loc":{"start":{"line":1,"column":1038},"end":{"line":1,"column":1114}},"type":"if","locations":[{"start":{"line":1,"column":1038},"end":{"line":1,"column":1114}},{"start":{"line":1,"column":1038},"end":{"line":1,"column":1114}}],"line":1},"2":{"loc":{"start":{"line":1,"column":1042},"end":{"line":1,"column":1088}},"type":"binary-expr","locations":[{"start":{"line":1,"column":1042},"end":{"line":1,"column":1056}},{"start":{"line":1,"column":1060},"end":{"line":1,"column":1088}}],"line":1},"3":{"loc":{"start":{"line":1,"column":2164},"end":{"line":1,"column":2197}},"type":"binary-expr","locations":[{"start":{"line":1,"column":2164},"end":{"line":1,"column":2175}},{"start":{"line":1,"column":2180},"end":{"line":1,"column":2196}}],"line":1},"4":{"loc":{"start":{"line":1,"column":2198},"end":{"line":1,"column":2274}},"type":"if","locations":[{"start":{"line":1,"column":2198},"end":{"line":1,"column":2274}},{"start":{"line":1,"column":2198},"end":{"line":1,"column":2274}}],"line":1},"5":{"loc":{"start":{"line":1,"column":2202},"end":{"line":1,"column":2248}},"type":"binary-expr","locations":[{"start":{"line":1,"column":2202},"end":{"line":1,"column":2216}},{"start":{"line":1,"column":2220},"end":{"line":1,"column":2248}}],"line":1}},"s":{"0":1,"1":1,"2":1,"3":1,"4":1,"5":1,"6":1,"7":1,"8":1,"9":0,"10":1,"11":1,"12":1,"13":1,"14":1,"15":1,"16":1,"17":1,"18":1,"19":1,"20":0,"21":1,"22":1,"23":1,"24":2,"25":2,"26":1,"27":3,"28":3,"29":3,"30":3,"31":1,"32":1,"33":1},"f":{"0":1,"1":1,"2":2,"3":1,"4":3},"b":{"0":[1,0],"1":[0,1],"2":[1,0],"3":[1,0],"4":[0,1],"5":[1,1]},"_coverageSchema":"332fd63041d2c1bcb487cc26dd0d5f7d97098a6c","hash":"4dc68970a9f2d16370de3b094ca99aae8b7c956d"}
,"C:/Users/aaa-nb/Desktop/snapshot-test/src/components/ShoppingList.vue.js": {"path":"C:/Users/aaa-nb/Desktop/snapshot-test/src/components/ShoppingList.vue.js","statementMap":{"0":{"start":{"line":5,"column":4},"end":{"line":11,"column":5}},"1":{"start":{"line":15,"column":17},"end":{"line":15,"column":61}},"2":{"start":{"line":15,"column":42},"end":{"line":15,"column":60}},"3":{"start":{"line":16,"column":6},"end":{"line":16,"column":22}}},"fnMap":{"0":{"name":"(anonymous_0)","decl":{"start":{"line":15,"column":33},"end":{"line":15,"column":34}},"loc":{"start":{"line":15,"column":42},"end":{"line":15,"column":60}},"line":15}},"branchMap":{},"s":{"0":4,"1":4,"2":4,"3":1},"f":{"0":6},"b":{},"_coverageSchema":"332fd63041d2c1bcb487cc26dd0d5f7d97098a6c","hash":"9fdfca13101c22180a3657cc30bc8ed6a279c36b"}
,"C:\\Users\\aaa-nb\\Desktop\\snapshot-test\\tests\\components\\Hello.spec.js": {"path":"C:\\Users\\aaa-nb\\Desktop\\snapshot-test\\tests\\components\\Hello.spec.js","statementMap":{"0":{"start":{"line":4,"column":0},"end":{"line":14,"column":2}},"1":{"start":{"line":6,"column":2},"end":{"line":8,"column":4}},"2":{"start":{"line":7,"column":4},"end":{"line":7,"column":38}},"3":{"start":{"line":10,"column":2},"end":{"line":13,"column":4}},"4":{"start":{"line":11,"column":16},"end":{"line":11,"column":38}},"5":{"start":{"line":12,"column":4},"end":{"line":12,"column":35}}},"fnMap":{"0":{"name":"(anonymous_0)","decl":{"start":{"line":4,"column":28},"end":{"line":4,"column":29}},"loc":{"start":{"line":4,"column":34},"end":{"line":14,"column":1}},"line":4},"1":{"name":"(anonymous_1)","decl":{"start":{"line":6,"column":13},"end":{"line":6,"column":14}},"loc":{"start":{"line":6,"column":19},"end":{"line":8,"column":3}},"line":6},"2":{"name":"(anonymous_2)","decl":{"start":{"line":10,"column":19},"end":{"line":10,"column":20}},"loc":{"start":{"line":10,"column":25},"end":{"line":13,"column":3}},"line":10}},"branchMap":{},"s":{"0":1,"1":1,"2":1,"3":1,"4":1,"5":1},"f":{"0":1,"1":1,"2":1},"b":{},"_coverageSchema":"332fd63041d2c1bcb487cc26dd0d5f7d97098a6c","hash":"7754e71446dad628cf012383fc0696f830006003"}
,"C:\\Users\\aaa-nb\\Desktop\\snapshot-test\\tests\\components\\ShoppingList.spec.js": {"path":"C:\\Users\\aaa-nb\\Desktop\\snapshot-test\\tests\\components\\ShoppingList.spec.js","statementMap":{"0":{"start":{"line":4,"column":0},"end":{"line":31,"column":2}},"1":{"start":{"line":6,"column":2},"end":{"line":8,"column":4}},"2":{"start":{"line":7,"column":4},"end":{"line":7,"column":45}},"3":{"start":{"line":10,"column":2},"end":{"line":18,"column":4}},"4":{"start":{"line":11,"column":16},"end":{"line":11,"column":38}},"5":{"start":{"line":12,"column":4},"end":{"line":12,"column":35}},"6":{"start":{"line":13,"column":4},"end":{"line":13,"column":33}},"7":{"start":{"line":14,"column":4},"end":{"line":17,"column":6}},"8":{"start":{"line":15,"column":6},"end":{"line":15,"column":36}},"9":{"start":{"line":16,"column":6},"end":{"line":16,"column":37}},"10":{"start":{"line":20,"column":2},"end":{"line":30,"column":4}},"11":{"start":{"line":21,"column":14},"end":{"line":21,"column":49}},"12":{"start":{"line":22,"column":17},"end":{"line":22,"column":47}},"13":{"start":{"line":23,"column":22},"end":{"line":23,"column":40}},"14":{"start":{"line":24,"column":4},"end":{"line":24,"column":37}},"15":{"start":{"line":25,"column":4},"end":{"line":25,"column":47}},"16":{"start":{"line":26,"column":4},"end":{"line":29,"column":6}},"17":{"start":{"line":27,"column":18},"end":{"line":27,"column":40}},"18":{"start":{"line":28,"column":6},"end":{"line":28,"column":37}}},"fnMap":{"0":{"name":"(anonymous_0)","decl":{"start":{"line":4,"column":35},"end":{"line":4,"column":36}},"loc":{"start":{"line":4,"column":41},"end":{"line":31,"column":1}},"line":4},"1":{"name":"(anonymous_1)","decl":{"start":{"line":6,"column":13},"end":{"line":6,"column":14}},"loc":{"start":{"line":6,"column":19},"end":{"line":8,"column":3}},"line":6},"2":{"name":"(anonymous_2)","decl":{"start":{"line":10,"column":19},"end":{"line":10,"column":20}},"loc":{"start":{"line":10,"column":25},"end":{"line":18,"column":3}},"line":10},"3":{"name":"(anonymous_3)","decl":{"start":{"line":14,"column":17},"end":{"line":14,"column":18}},"loc":{"start":{"line":14,"column":23},"end":{"line":17,"column":5}},"line":14},"4":{"name":"(anonymous_4)","decl":{"start":{"line":20,"column":16},"end":{"line":20,"column":17}},"loc":{"start":{"line":20,"column":22},"end":{"line":30,"column":3}},"line":20},"5":{"name":"(anonymous_5)","decl":{"start":{"line":26,"column":17},"end":{"line":26,"column":18}},"loc":{"start":{"line":26,"column":23},"end":{"line":29,"column":5}},"line":26}},"branchMap":{},"s":{"0":1,"1":1,"2":2,"3":1,"4":1,"5":1,"6":1,"7":1,"8":1,"9":1,"10":1,"11":1,"12":1,"13":1,"14":1,"15":1,"16":1,"17":1,"18":1},"f":{"0":1,"1":2,"2":1,"3":1,"4":1,"5":1},"b":{},"_coverageSchema":"332fd63041d2c1bcb487cc26dd0d5f7d97098a6c","hash":"7adda9d5deed75c0541734ae9970a14a1d7ac055"}
}
