TN:
SF:C:\Users\aaa-nb\Desktop\snapshot-test\src\components\Hello.vue
FN:1,(anonymous_0)
FN:1,(anonymous_1)
FN:4,data
FNF:3
FNH:3
FNDA:1,(anonymous_0)
FNDA:1,(anonymous_1)
FNDA:1,data
DA:1,1
DA:4,1
DA:5,1
DA:9,1
LF:4
LH:4
BRDA:1,0,0,1
BRDA:1,0,1,0
BRDA:1,1,0,0
BRDA:1,1,1,1
BRDA:1,2,0,1
BRDA:1,2,1,0
BRDA:1,3,0,1
BRDA:1,3,1,0
BRDA:1,4,0,1
BRDA:1,4,1,0
BRDA:1,5,0,1
BRDA:1,5,1,1
BRF:12
BRH:7
end_of_record
TN:
SF:C:/Users/aaa-nb/Desktop/snapshot-test/src/components/Hello.vue.js
FNF:0
FNH:0
DA:5,2
LF:1
LH:1
BRF:0
BRH:0
end_of_record
TN:
SF:C:\Users\aaa-nb\Desktop\snapshot-test\src\components\ShoppingList.vue
FN:1,(anonymous_0)
FN:1,(anonymous_1)
FN:4,data
FN:14,complete
FN:15,(anonymous_4)
FNF:5
FNH:5
FNDA:1,(anonymous_0)
FNDA:1,(anonymous_1)
FNDA:2,data
FNDA:1,complete
FNDA:3,(anonymous_4)
DA:1,1
DA:4,2
DA:5,2
DA:15,3
DA:16,1
DA:18,1
LF:6
LH:6
BRDA:1,0,0,1
BRDA:1,0,1,0
BRDA:1,1,0,0
BRDA:1,1,1,1
BRDA:1,2,0,1
BRDA:1,2,1,0
BRDA:1,3,0,1
BRDA:1,3,1,0
BRDA:1,4,0,0
BRDA:1,4,1,1
BRDA:1,5,0,1
BRDA:1,5,1,1
BRF:12
BRH:7
end_of_record
TN:
SF:C:/Users/aaa-nb/Desktop/snapshot-test/src/components/ShoppingList.vue.js
FN:15,(anonymous_0)
FNF:1
FNH:1
FNDA:6,(anonymous_0)
DA:5,4
DA:15,4
DA:16,1
LF:3
LH:3
BRF:0
BRH:0
end_of_record
TN:
SF:C:\Users\aaa-nb\Desktop\snapshot-test\tests\components\Hello.spec.js
FN:4,(anonymous_0)
FN:6,(anonymous_1)
FN:10,(anonymous_2)
FNF:3
FNH:3
FNDA:1,(anonymous_0)
FNDA:1,(anonymous_1)
FNDA:1,(anonymous_2)
DA:4,1
DA:6,1
DA:7,1
DA:10,1
DA:11,1
DA:12,1
LF:6
LH:6
BRF:0
BRH:0
end_of_record
TN:
SF:C:\Users\aaa-nb\Desktop\snapshot-test\tests\components\ShoppingList.spec.js
FN:4,(anonymous_0)
FN:6,(anonymous_1)
FN:10,(anonymous_2)
FN:14,(anonymous_3)
FN:20,(anonymous_4)
FN:26,(anonymous_5)
FNF:6
FNH:6
FNDA:1,(anonymous_0)
FNDA:2,(anonymous_1)
FNDA:1,(anonymous_2)
FNDA:1,(anonymous_3)
FNDA:1,(anonymous_4)
FNDA:1,(anonymous_5)
DA:4,1
DA:6,1
DA:7,2
DA:10,1
DA:11,1
DA:12,1
DA:13,1
DA:14,1
DA:15,1
DA:16,1
DA:20,1
DA:21,1
DA:22,1
DA:23,1
DA:24,1
DA:25,1
DA:26,1
DA:27,1
DA:28,1
LF:19
LH:19
BRF:0
BRH:0
end_of_record
